<?xml version="1.0" encoding="UTF-8"?>
<!-- Generated by org.testng.reporters.JUnitReportReporter -->
<testsuite hostname="jeni-PC" name="DynamicJson" tests="3" failures="0" timestamp="25 Apr 2020 10:56:57 GMT" time="3.546" errors="0">
  <testcase name="Addbook" time="0.240" classname="DynamicJson"/>
  <testcase name="Addbook" time="3.078" classname="DynamicJson"/>
  <testcase name="Addbook" time="0.228" classname="DynamicJson"/>
</testsuite> <!-- DynamicJson -->
